<?xml version="1.0" encoding="UTF-8"?>
<!-- Generated by org.testng.reporters.JUnitReportReporter -->
<testsuite skipped="0" hostname="ASDA1711PO02529" name="TestNG.GetMethod" tests="1" failures="0" timestamp="15 Jul 2019 08:42:31 GMT" time="2.426" errors="0">
  <testcase name="GetMethod" time="2.426" classname="TestNG.GetMethod"/>
</testsuite> <!-- TestNG.GetMethod -->
